2024-09-23 15:13:20 [http-nio-8080-exec-2] INFO  MainController:108 - Add-Category Query executed in 121ms
2024-09-23 15:13:28 [http-nio-8080-exec-3] INFO  MainController:108 - Add-Category Query executed in 9ms
2024-09-23 15:13:33 [http-nio-8080-exec-4] INFO  MainController:108 - Add-Category Query executed in 9ms
2024-09-23 15:13:44 [http-nio-8080-exec-5] INFO  MainController:49 - Add-Product Query executed in 28ms
2024-09-23 15:13:48 [http-nio-8080-exec-6] INFO  MainController:49 - Add-Product Query executed in 16ms
2024-09-23 15:13:51 [http-nio-8080-exec-8] INFO  MainController:49 - Add-Product Query executed in 11ms
2024-09-23 15:13:55 [http-nio-8080-exec-7] INFO  MainController:49 - Add-Product Query executed in 12ms
2024-09-23 15:14:03 [http-nio-8080-exec-9] INFO  MainController:49 - Add-Product Query executed in 15ms
2024-09-23 15:14:06 [http-nio-8080-exec-10] INFO  MainController:49 - Add-Product Query executed in 11ms
2024-09-23 15:14:12 [http-nio-8080-exec-1] INFO  MainController:49 - Add-Product Query executed in 14ms
2024-09-23 15:14:35 [http-nio-8080-exec-2] INFO  MainController:49 - Add-Product Query executed in 15ms
2024-09-23 15:14:41 [http-nio-8080-exec-3] INFO  MainController:49 - Add-Product Query executed in 12ms
2024-09-23 15:14:47 [http-nio-8080-exec-4] INFO  MainController:49 - Add-Product Query executed in 13ms
2024-09-23 15:15:41 [http-nio-8080-exec-5] INFO  MainController:66 - Get-Product Query executed in 9ms
2024-09-23 15:15:47 [http-nio-8080-exec-6] INFO  MainController:66 - Get-Product Query executed in 16ms
2024-09-23 15:15:51 [http-nio-8080-exec-8] INFO  MainController:66 - Get-Product Query executed in 10ms
2024-09-23 15:17:37 [http-nio-8080-exec-10] INFO  MainController:82 - Delete-Product Query executed in 16ms

2024-09-23 15:30:22 [http-nio-8080-exec-9] INFO  MainController:97 - Update-Product Query executed in 50ms
2024-09-23 15:31:41 [http-nio-8080-exec-2] INFO  MainController:122 - Get-Category Query executed in 7ms
2024-09-23 15:32:53 [http-nio-8080-exec-5] INFO  MainController:136 - Update-Category Query executed in 8ms
2024-09-23 15:35:48 [http-nio-8080-exec-9] INFO  MainController:161 - Sell-Product Query executed in 8ms
2024-09-23 15:36:11 [http-nio-8080-exec-1] INFO  MainController:174 - Restock-Product Query executed in 10ms

After Hash Map


2024-09-23 17:41:10 [http-nio-8080-exec-2] INFO  MainController:49 - Add-Product Query executed in 711ms
2024-09-23 17:41:22 [http-nio-8080-exec-3] INFO  MainController:66 - Get-Product Query executed in 21ms
2024-09-23 17:41:25 [http-nio-8080-exec-4] INFO  MainController:66 - Get-Product Query executed in 0ms
2024-09-23 17:43:33 [http-nio-8080-exec-1] INFO  MainController:66 - Get-Product Query executed in 168ms
2024-09-24 14:11:28 [http-nio-8080-exec-1] INFO  MainController:66 - Get-Product Query executed in 125ms
2024-09-24 14:11:38 [http-nio-8080-exec-3] INFO  MainController:66 - Get-Product Query executed in 32ms
2024-10-01 11:33:44 [main] INFO  MainController:174 - Restock-Product Query executed in 4ms
2024-10-01 11:34:17 [main] INFO  MainController:174 - Restock-Product Query executed in 3ms
2024-10-01 11:39:30 [main] INFO  MainController:161 - Sell-Product Query executed in 3ms
2024-10-01 11:43:05 [main] INFO  MainController:148 - Delete-Category Query executed in 2ms
2024-10-01 12:04:42 [main] INFO  MainController:148 - Delete-Category Query executed in 0ms
2024-10-01 12:07:24 [main] INFO  MainController:136 - Update-Category Query executed in 2ms
2024-10-03 09:22:39 [main] INFO  MainController:148 - Delete-Category Query executed in 3ms
2024-10-03 09:22:39 [main] INFO  MainController:174 - Restock-Product Query executed in 0ms
2024-10-03 09:22:39 [main] INFO  MainController:161 - Sell-Product Query executed in 0ms
2024-10-03 09:22:40 [main] INFO  MainController:136 - Update-Category Query executed in 0ms
2024-10-03 09:34:27 [main] INFO  MainController:148 - Delete-Category Query executed in 21ms
2024-10-03 09:34:28 [main] INFO  MainController:174 - Restock-Product Query executed in 0ms
2024-10-03 09:34:28 [main] INFO  MainController:161 - Sell-Product Query executed in 0ms
2024-10-03 09:34:28 [main] INFO  MainController:136 - Update-Category Query executed in 0ms
2024-10-03 09:41:45 [main] INFO  MainController:148 - Delete-Category Query executed in 15ms
2024-10-03 09:41:45 [main] INFO  MainController:174 - Restock-Product Query executed in 0ms
2024-10-03 09:41:45 [main] INFO  MainController:161 - Sell-Product Query executed in 0ms
2024-10-03 09:41:45 [main] INFO  MainController:136 - Update-Category Query executed in 0ms
2024-10-03 10:21:20 [main] INFO  MainController:148 - Delete-Category Query executed in 14ms
2024-10-03 10:21:20 [main] INFO  MainController:174 - Restock-Product Query executed in 0ms
2024-10-03 10:21:20 [main] INFO  MainController:161 - Sell-Product Query executed in 0ms
2024-10-03 10:21:20 [main] INFO  MainController:136 - Update-Category Query executed in 0ms
2024-10-03 10:33:55 [main] INFO  MainController:148 - Delete-Category Query executed in 13ms
2024-10-03 10:33:55 [main] INFO  MainController:174 - Restock-Product Query executed in 0ms
2024-10-03 10:33:55 [main] INFO  MainController:161 - Sell-Product Query executed in 0ms
2024-10-03 10:33:55 [main] INFO  MainController:136 - Update-Category Query executed in 0ms
2024-10-03 09:45:00 [main] INFO  MainController:122 - Get-Category Query executed in 3ms
2024-10-03 09:45:29 [main] INFO  MainController:122 - Get-Category Query executed in 6ms
2024-10-03 09:51:27 [main] INFO  MainController:97 - Update-Product Query executed in 2ms
2024-10-03 09:52:00 [main] INFO  MainController:97 - Update-Product Query executed in 5ms
2024-10-03 09:56:35 [main] INFO  MainController:82 - Delete-Product Query executed in 4ms
2024-10-03 09:56:59 [main] INFO  MainController:82 - Delete-Product Query executed in 3ms
2024-10-03 10:05:19 [main] INFO  MainController:66 - Get-Product Query executed in 5ms
2024-10-03 10:12:34 [main] INFO  MainController:49 - Add-Product Query executed in 2ms
2024-10-03 10:15:12 [main] INFO  MainController:108 - Add-Category Query executed in 5ms
2024-10-03 10:15:49 [main] INFO  MainController:148 - Delete-Category Query executed in 12ms
2024-10-03 10:15:49 [main] INFO  MainController:108 - Add-Category Query executed in 0ms
2024-10-03 10:15:49 [main] INFO  MainController:122 - Get-Category Query executed in 0ms
2024-10-03 10:15:49 [main] INFO  MainController:97 - Update-Product Query executed in 0ms
2024-10-03 10:15:49 [main] INFO  MainController:174 - Restock-Product Query executed in 0ms
2024-10-03 10:15:49 [main] INFO  MainController:161 - Sell-Product Query executed in 0ms
2024-10-03 10:15:49 [main] INFO  MainController:82 - Delete-Product Query executed in 0ms
2024-10-03 10:15:49 [main] INFO  MainController:66 - Get-Product Query executed in 0ms
2024-10-03 10:15:49 [main] INFO  MainController:136 - Update-Category Query executed in 0ms
2024-10-03 10:15:49 [main] INFO  MainController:49 - Add-Product Query executed in 0ms
2024-10-03 10:16:30 [main] INFO  MainController:148 - Delete-Category Query executed in 8ms
2024-10-03 10:16:30 [main] INFO  MainController:108 - Add-Category Query executed in 0ms
2024-10-03 10:16:30 [main] INFO  MainController:122 - Get-Category Query executed in 0ms
2024-10-03 10:16:30 [main] INFO  MainController:97 - Update-Product Query executed in 0ms
2024-10-03 10:16:30 [main] INFO  MainController:174 - Restock-Product Query executed in 0ms
2024-10-03 10:16:30 [main] INFO  MainController:161 - Sell-Product Query executed in 0ms
2024-10-03 10:16:31 [main] INFO  MainController:82 - Delete-Product Query executed in 0ms
2024-10-03 10:16:31 [main] INFO  MainController:66 - Get-Product Query executed in 0ms
2024-10-03 10:16:31 [main] INFO  MainController:136 - Update-Category Query executed in 0ms
2024-10-03 10:16:31 [main] INFO  MainController:49 - Add-Product Query executed in 0ms
2024-10-03 12:29:10 [main] INFO  MainController:148 - Delete-Category Query executed in 8ms
2024-10-03 12:29:10 [main] INFO  MainController:108 - Add-Category Query executed in 0ms
2024-10-03 12:29:10 [main] INFO  MainController:122 - Get-Category Query executed in 0ms
2024-10-03 12:29:11 [main] INFO  MainController:97 - Update-Product Query executed in 0ms
2024-10-03 12:29:11 [main] INFO  MainController:174 - Restock-Product Query executed in 0ms
2024-10-03 12:29:11 [main] INFO  MainController:161 - Sell-Product Query executed in 0ms
2024-10-03 12:29:11 [main] INFO  MainController:82 - Delete-Product Query executed in 0ms
2024-10-03 12:29:11 [main] INFO  MainController:66 - Get-Product Query executed in 0ms
2024-10-03 12:29:11 [main] INFO  MainController:136 - Update-Category Query executed in 0ms
2024-10-03 12:29:11 [main] INFO  MainController:49 - Add-Product Query executed in 0ms
2024-10-03 12:29:38 [main] INFO  MainController:148 - Delete-Category Query executed in 7ms
2024-10-03 12:29:39 [main] INFO  MainController:108 - Add-Category Query executed in 0ms
2024-10-03 12:29:39 [main] INFO  MainController:122 - Get-Category Query executed in 0ms
2024-10-03 12:29:39 [main] INFO  MainController:97 - Update-Product Query executed in 0ms
2024-10-03 12:29:39 [main] INFO  MainController:174 - Restock-Product Query executed in 0ms
2024-10-03 12:29:39 [main] INFO  MainController:161 - Sell-Product Query executed in 0ms
2024-10-03 12:29:39 [main] INFO  MainController:82 - Delete-Product Query executed in 0ms
2024-10-03 12:29:39 [main] INFO  MainController:66 - Get-Product Query executed in 0ms
2024-10-03 12:29:39 [main] INFO  MainController:136 - Update-Category Query executed in 0ms
2024-10-03 12:29:39 [main] INFO  MainController:49 - Add-Product Query executed in 0ms
2024-10-03 12:47:03 [main] INFO  MainController:148 - Delete-Category Query executed in 8ms
2024-10-03 12:47:04 [main] INFO  MainController:108 - Add-Category Query executed in 0ms
2024-10-03 12:47:04 [main] INFO  MainController:122 - Get-Category Query executed in 0ms
2024-10-03 12:47:04 [main] INFO  MainController:97 - Update-Product Query executed in 0ms
2024-10-03 12:47:04 [main] INFO  MainController:174 - Restock-Product Query executed in 0ms
2024-10-03 12:47:04 [main] INFO  MainController:161 - Sell-Product Query executed in 0ms
2024-10-03 12:47:04 [main] INFO  MainController:82 - Delete-Product Query executed in 0ms
2024-10-03 12:47:04 [main] INFO  MainController:66 - Get-Product Query executed in 0ms
2024-10-03 12:47:04 [main] INFO  MainController:136 - Update-Category Query executed in 0ms
2024-10-03 12:47:04 [main] INFO  MainController:49 - Add-Product Query executed in 0ms
2024-10-03 12:56:35 [main] INFO  MainController:148 - Delete-Category Query executed in 14ms
2024-10-03 12:56:35 [main] INFO  MainController:108 - Add-Category Query executed in 0ms
2024-10-03 12:56:35 [main] INFO  MainController:122 - Get-Category Query executed in 0ms
2024-10-03 12:56:35 [main] INFO  MainController:97 - Update-Product Query executed in 0ms
2024-10-03 12:56:35 [main] INFO  MainController:174 - Restock-Product Query executed in 0ms
2024-10-03 12:56:35 [main] INFO  MainController:161 - Sell-Product Query executed in 0ms
2024-10-03 12:56:35 [main] INFO  MainController:82 - Delete-Product Query executed in 0ms
2024-10-03 12:56:35 [main] INFO  MainController:66 - Get-Product Query executed in 0ms
2024-10-03 12:56:35 [main] INFO  MainController:136 - Update-Category Query executed in 0ms
2024-10-03 12:56:35 [main] INFO  MainController:49 - Add-Product Query executed in 0ms
2024-10-03 14:32:26 [main] INFO  MainController:148 - Delete-Category Query executed in 9ms
2024-10-03 14:32:27 [main] INFO  MainController:108 - Add-Category Query executed in 0ms
2024-10-03 14:32:27 [main] INFO  MainController:122 - Get-Category Query executed in 0ms
2024-10-03 14:32:27 [main] INFO  MainController:97 - Update-Product Query executed in 0ms
2024-10-03 14:32:27 [main] INFO  MainController:174 - Restock-Product Query executed in 0ms
2024-10-03 14:32:27 [main] INFO  MainController:161 - Sell-Product Query executed in 0ms
2024-10-03 14:32:27 [main] INFO  MainController:82 - Delete-Product Query executed in 0ms
2024-10-03 14:32:27 [main] INFO  MainController:66 - Get-Product Query executed in 0ms
2024-10-03 14:32:27 [main] INFO  MainController:136 - Update-Category Query executed in 0ms
2024-10-03 14:32:27 [main] INFO  MainController:49 - Add-Product Query executed in 1ms
2024-10-03 14:33:39 [main] INFO  MainController:148 - Delete-Category Query executed in 13ms
2024-10-03 14:33:40 [main] INFO  MainController:108 - Add-Category Query executed in 0ms
2024-10-03 14:33:40 [main] INFO  MainController:122 - Get-Category Query executed in 0ms
2024-10-03 14:33:40 [main] INFO  MainController:97 - Update-Product Query executed in 0ms
2024-10-03 14:33:40 [main] INFO  MainController:174 - Restock-Product Query executed in 0ms
2024-10-03 14:33:40 [main] INFO  MainController:161 - Sell-Product Query executed in 0ms
2024-10-03 14:33:40 [main] INFO  MainController:82 - Delete-Product Query executed in 0ms
2024-10-03 14:33:40 [main] INFO  MainController:66 - Get-Product Query executed in 0ms
2024-10-03 14:33:40 [main] INFO  MainController:136 - Update-Category Query executed in 0ms
2024-10-03 14:33:40 [main] INFO  MainController:49 - Add-Product Query executed in 0ms
2024-10-03 14:40:03 [main] INFO  MainController:148 - Delete-Category Query executed in 18ms
2024-10-03 14:40:03 [main] INFO  MainController:108 - Add-Category Query executed in 0ms
2024-10-03 14:40:03 [main] INFO  MainController:122 - Get-Category Query executed in 0ms
2024-10-03 14:40:04 [main] INFO  MainController:97 - Update-Product Query executed in 0ms
2024-10-03 14:40:04 [main] INFO  MainController:174 - Restock-Product Query executed in 0ms
2024-10-03 14:40:04 [main] INFO  MainController:161 - Sell-Product Query executed in 0ms
2024-10-03 14:40:04 [main] INFO  MainController:82 - Delete-Product Query executed in 0ms
2024-10-03 14:40:04 [main] INFO  MainController:66 - Get-Product Query executed in 0ms
2024-10-03 14:40:04 [main] INFO  MainController:136 - Update-Category Query executed in 0ms
2024-10-03 14:40:04 [main] INFO  MainController:49 - Add-Product Query executed in 0ms
2024-10-08 15:07:04 [main] INFO  MainController:148 - Delete-Category Query executed in 4ms
2024-10-08 15:07:04 [main] INFO  MainController:108 - Add-Category Query executed in 0ms
2024-10-08 15:07:04 [main] INFO  MainController:122 - Get-Category Query executed in 0ms
2024-10-08 15:07:04 [main] INFO  MainController:97 - Update-Product Query executed in 0ms
2024-10-08 15:07:04 [main] INFO  MainController:174 - Restock-Product Query executed in 0ms
2024-10-08 15:07:04 [main] INFO  MainController:161 - Sell-Product Query executed in 0ms
2024-10-08 15:07:04 [main] INFO  MainController:82 - Delete-Product Query executed in 0ms
2024-10-08 15:07:04 [main] INFO  MainController:66 - Get-Product Query executed in 0ms
2024-10-08 15:07:04 [main] INFO  MainController:136 - Update-Category Query executed in 0ms
2024-10-08 15:07:04 [main] INFO  MainController:49 - Add-Product Query executed in 0ms
2024-10-08 17:31:51 [http-nio-8080-exec-2] INFO  MainController:108 - Add-Category Query executed in 125ms
2024-10-08 17:33:26 [http-nio-8080-exec-4] INFO  MainController:49 - Add-Product Query executed in 57ms
2024-10-08 17:37:45 [main] INFO  MainController:148 - Delete-Category Query executed in 4ms
2024-10-08 17:37:46 [main] INFO  MainController:108 - Add-Category Query executed in 0ms
2024-10-08 17:37:46 [main] INFO  MainController:122 - Get-Category Query executed in 0ms
2024-10-08 17:37:46 [main] INFO  MainController:97 - Update-Product Query executed in 0ms
2024-10-08 17:37:46 [main] INFO  MainController:174 - Restock-Product Query executed in 0ms
2024-10-08 17:37:46 [main] INFO  MainController:161 - Sell-Product Query executed in 0ms
2024-10-08 17:37:46 [main] INFO  MainController:82 - Delete-Product Query executed in 0ms
2024-10-08 17:37:46 [main] INFO  MainController:66 - Get-Product Query executed in 0ms
2024-10-08 17:37:46 [main] INFO  MainController:136 - Update-Category Query executed in 0ms
2024-10-08 17:37:46 [main] INFO  MainController:49 - Add-Product Query executed in 0ms
2024-10-09 09:22:40 [http-nio-8080-exec-6] INFO  MainController:108 - Add-Category Query executed in 148ms
2024-10-09 09:22:51 [http-nio-8080-exec-7] INFO  MainController:49 - Add-Product Query executed in 32ms
2024-10-09 09:24:36 [http-nio-8080-exec-8] INFO  MainController:108 - Add-Category Query executed in 10ms
2024-10-09 09:24:44 [http-nio-8080-exec-1] INFO  MainController:49 - Add-Product Query executed in 21ms
2024-10-09 09:24:47 [http-nio-8080-exec-2] INFO  MainController:66 - Get-Product Query executed in 24ms
2024-10-09 09:24:55 [http-nio-8080-exec-3] INFO  MainController:66 - Get-Product Query executed in 10ms
2024-10-09 09:25:06 [http-nio-8080-exec-4] INFO  MainController:66 - Get-Product Query executed in 0ms
2024-10-09 09:25:12 [http-nio-8080-exec-5] INFO  MainController:66 - Get-Product Query executed in 0ms
2024-10-09 09:25:15 [http-nio-8080-exec-6] INFO  MainController:66 - Get-Product Query executed in 0ms
2024-10-09 09:25:21 [http-nio-8080-exec-7] INFO  MainController:66 - Get-Product Query executed in 0ms
2024-10-09 09:26:55 [http-nio-8080-exec-10] INFO  MainController:66 - Get-Product Query executed in 0ms
2024-10-09 09:27:03 [http-nio-8080-exec-1] INFO  MainController:66 - Get-Product Query executed in 0ms
2024-10-09 09:30:29 [http-nio-8080-exec-1] INFO  MainController:66 - Get-Product Query executed in 166ms
2024-10-09 09:30:50 [http-nio-8080-exec-4] INFO  MainController:66 - Get-Product Query executed in 0ms
2024-10-09 09:33:38 [http-nio-8080-exec-10] INFO  MainController:97 - Update-Product Query executed in 83ms
2024-10-09 09:34:35 [http-nio-8080-exec-2] INFO  MainController:122 - Get-Category Query executed in 13ms
2024-10-09 09:34:44 [http-nio-8080-exec-1] INFO  MainController:122 - Get-Category Query executed in 4ms
2024-10-09 09:34:57 [http-nio-8080-exec-3] INFO  MainController:161 - Sell-Product Query executed in 13ms
2024-10-09 09:35:01 [http-nio-8080-exec-4] INFO  MainController:174 - Restock-Product Query executed in 11ms
2024-10-09 09:35:13 [http-nio-8080-exec-6] INFO  MainController:82 - Delete-Product Query executed in 26ms
2024-10-09 09:36:03 [http-nio-8080-exec-1] INFO  MainController:148 - Delete-Category Query executed in 18ms
